# JRE version: OpenJDK Runtime Environment Temurin-21.0.7+6 (21.0.7+6) (build 21.0.7+6-LTS)
# Java VM: OpenJDK 64-Bit Server VM Temurin-21.0.7+6 (21.0.7+6-LTS, mixed mode, sharing, tiered, compressed oops, compressed class ptrs, parallel gc, windows-amd64)
GC Precious Log:
 CardTable entry size: 512
 CPUs: 8 total, 8 available
 Memory: 3739M
 Large Page Support: Disabled
 NUMA Support: Disabled
 Compressed Oops: Enabled (32-bit)
 Alignments: Space 512K, Generation 512K, Heap 2M
 Heap Min Capacity: 100M
 Heap Initial Capacity: 100M
 Heap Max Capacity: 1G
 Pre-touch: Disabled
 Parallel Workers: 8
Heap:
 PSYoungGen      total 2048K, used 1066K [0x00000000eab00000, 0x00000000eae00000, 0x0000000100000000)
  eden space 1536K, 40% used [0x00000000eab00000,0x00000000eab9ab80,0x00000000eac80000)
  from space 512K, 87% used [0x00000000ead80000,0x00000000eadf0000,0x00000000eae00000)
  to   space 512K, 0% used [0x00000000ead00000,0x00000000ead00000,0x00000000ead80000)
 ParOldGen       total 329728K, used 329507K [0x00000000c0000000, 0x00000000d4200000, 0x00000000eab00000)
  object space 329728K, 99% used [0x00000000c0000000,0x00000000d41c8f20,0x00000000d4200000)
 Metaspace       used 66602K, committed 68160K, reserved 1114112K
  class space    used 6683K, committed 7360K, reserved 1048576K
GC Heap History (20 events):
Event: 57.176 GC heap before
{Heap before GC invocations=721 (full 3):
 PSYoungGen      total 2560K, used 1888K [0x00000000eab00000, 0x00000000eae00000, 0x0000000100000000)
  eden space 1536K, 100% used [0x00000000eab00000,0x00000000eac80000,0x00000000eac80000)
  from space 1024K, 34% used [0x00000000eac80000,0x00000000eacd8010,0x00000000ead80000)
  to   space 512K, 0% used [0x00000000ead80000,0x00000000ead80000,0x00000000eae00000)
 ParOldGen       total 327168K, used 326870K [0x00000000c0000000, 0x00000000d3f80000, 0x00000000eab00000)
  object space 327168K, 99% used [0x00000000c0000000,0x00000000d3f359c0,0x00000000d3f80000)
 Metaspace       used 65722K, committed 67264K, reserved 1114112K
  class space    used 6588K, committed 7232K, reserved 1048576K
}
Event: 57.178 GC heap after
{Heap after GC invocations=721 (full 3):
 PSYoungGen      total 2048K, used 320K [0x00000000eab00000, 0x00000000eae00000, 0x0000000100000000)
  eden space 1536K, 0% used [0x00000000eab00000,0x00000000eab00000,0x00000000eac80000)
  from space 512K, 62% used [0x00000000ead80000,0x00000000eadd0000,0x00000000eae00000)
  to   space 512K, 0% used [0x00000000ead00000,0x00000000ead00000,0x00000000ead80000)
 ParOldGen       total 327168K, used 327061K [0x00000000c0000000, 0x00000000d3f80000, 0x00000000eab00000)
  object space 327168K, 99% used [0x00000000c0000000,0x00000000d3f65598,0x00000000d3f80000)
 Metaspace       used 65722K, committed 67264K, reserved 1114112K
  class space    used 6588K, committed 7232K, reserved 1048576K
}
Event: 57.394 GC heap before
{Heap before GC invocations=722 (full 3):
 PSYoungGen      total 2048K, used 1856K [0x00000000eab00000, 0x00000000eae00000, 0x0000000100000000)
  eden space 1536K, 100% used [0x00000000eab00000,0x00000000eac80000,0x00000000eac80000)
  from space 512K, 62% used [0x00000000ead80000,0x00000000eadd0000,0x00000000eae00000)
  to   space 512K, 0% used [0x00000000ead00000,0x00000000ead00000,0x00000000ead80000)
 ParOldGen       total 327168K, used 327061K [0x00000000c0000000, 0x00000000d3f80000, 0x00000000eab00000)
  object space 327168K, 99% used [0x00000000c0000000,0x00000000d3f65598,0x00000000d3f80000)
 Metaspace       used 65839K, committed 67456K, reserved 1114112K
  class space    used 6598K, committed 7296K, reserved 1048576K
}
Event: 57.396 GC heap after
{Heap after GC invocations=722 (full 3):
 PSYoungGen      total 2048K, used 352K [0x00000000eab00000, 0x00000000eae00000, 0x0000000100000000)
  eden space 1536K, 0% used [0x00000000eab00000,0x00000000eab00000,0x00000000eac80000)
  from space 512K, 68% used [0x00000000ead00000,0x00000000ead58000,0x00000000ead80000)
  to   space 512K, 0% used [0x00000000ead80000,0x00000000ead80000,0x00000000eae00000)
 ParOldGen       total 327680K, used 327249K [0x00000000c0000000, 0x00000000d4000000, 0x00000000eab00000)
  object space 327680K, 99% used [0x00000000c0000000,0x00000000d3f94718,0x00000000d4000000)
 Metaspace       used 65839K, committed 67456K, reserved 1114112K
  class space    used 6598K, committed 7296K, reserved 1048576K
}
Event: 57.488 GC heap before
{Heap before GC invocations=723 (full 3):
 PSYoungGen      total 2048K, used 1850K [0x00000000eab00000, 0x00000000eae00000, 0x0000000100000000)
  eden space 1536K, 97% used [0x00000000eab00000,0x00000000eac76a58,0x00000000eac80000)
  from space 512K, 68% used [0x00000000ead00000,0x00000000ead58000,0x00000000ead80000)
  to   space 512K, 0% used [0x00000000ead80000,0x00000000ead80000,0x00000000eae00000)
 ParOldGen       total 327680K, used 327249K [0x00000000c0000000, 0x00000000d4000000, 0x00000000eab00000)
  object space 327680K, 99% used [0x00000000c0000000,0x00000000d3f94718,0x00000000d4000000)
 Metaspace       used 65936K, committed 67520K, reserved 1114112K
  class space    used 6608K, committed 7296K, reserved 1048576K
}
Event: 57.491 GC heap after
{Heap after GC invocations=723 (full 3):
 PSYoungGen      total 2048K, used 507K [0x00000000eab00000, 0x00000000eae80000, 0x0000000100000000)
  eden space 1536K, 0% used [0x00000000eab00000,0x00000000eab00000,0x00000000eac80000)
  from space 512K, 99% used [0x00000000ead80000,0x00000000eadfef58,0x00000000eae00000)
  to   space 1024K, 0% used [0x00000000eac80000,0x00000000eac80000,0x00000000ead80000)
 ParOldGen       total 327680K, used 327499K [0x00000000c0000000, 0x00000000d4000000, 0x00000000eab00000)
  object space 327680K, 99% used [0x00000000c0000000,0x00000000d3fd2f60,0x00000000d4000000)
 Metaspace       used 65936K, committed 67520K, reserved 1114112K
  class space    used 6608K, committed 7296K, reserved 1048576K
}
Event: 57.586 GC heap before
{Heap before GC invocations=724 (full 3):
 PSYoungGen      total 2048K, used 2043K [0x00000000eab00000, 0x00000000eae80000, 0x0000000100000000)
  eden space 1536K, 100% used [0x00000000eab00000,0x00000000eac80000,0x00000000eac80000)
  from space 512K, 99% used [0x00000000ead80000,0x00000000eadfef58,0x00000000eae00000)
  to   space 1024K, 0% used [0x00000000eac80000,0x00000000eac80000,0x00000000ead80000)
 ParOldGen       total 327680K, used 327499K [0x00000000c0000000, 0x00000000d4000000, 0x00000000eab00000)
  object space 327680K, 99% used [0x00000000c0000000,0x00000000d3fd2f60,0x00000000d4000000)
 Metaspace       used 66060K, committed 67648K, reserved 1114112K
  class space    used 6627K, committed 7296K, reserved 1048576K
}
Event: 57.589 GC heap after
{Heap after GC invocations=724 (full 3):
 PSYoungGen      total 2560K, used 571K [0x00000000eab00000, 0x00000000eae80000, 0x0000000100000000)
  eden space 1536K, 0% used [0x00000000eab00000,0x00000000eab00000,0x00000000eac80000)
  from space 1024K, 55% used [0x00000000eac80000,0x00000000ead0ef58,0x00000000ead80000)
  to   space 1024K, 0% used [0x00000000ead80000,0x00000000ead80000,0x00000000eae80000)
 ParOldGen       total 328192K, used 327721K [0x00000000c0000000, 0x00000000d4080000, 0x00000000eab00000)
  object space 328192K, 99% used [0x00000000c0000000,0x00000000d400a470,0x00000000d4080000)
 Metaspace       used 66060K, committed 67648K, reserved 1114112K
  class space    used 6627K, committed 7296K, reserved 1048576K
}
Event: 57.678 GC heap before
{Heap before GC invocations=725 (full 3):
 PSYoungGen      total 2560K, used 2099K [0x00000000eab00000, 0x00000000eae80000, 0x0000000100000000)
  eden space 1536K, 99% used [0x00000000eab00000,0x00000000eac7dca8,0x00000000eac80000)
  from space 1024K, 55% used [0x00000000eac80000,0x00000000ead0ef58,0x00000000ead80000)
  to   space 1024K, 0% used [0x00000000ead80000,0x00000000ead80000,0x00000000eae80000)
 ParOldGen       total 328192K, used 327721K [0x00000000c0000000, 0x00000000d4080000, 0x00000000eab00000)
  object space 328192K, 99% used [0x00000000c0000000,0x00000000d400a470,0x00000000d4080000)
 Metaspace       used 66119K, committed 67712K, reserved 1114112K
  class space    used 6636K, committed 7296K, reserved 1048576K
}
Event: 57.680 GC heap after
{Heap after GC invocations=725 (full 3):
 PSYoungGen      total 2048K, used 384K [0x00000000eab00000, 0x00000000eae00000, 0x0000000100000000)
  eden space 1536K, 0% used [0x00000000eab00000,0x00000000eab00000,0x00000000eac80000)
  from space 512K, 75% used [0x00000000ead80000,0x00000000eade0000,0x00000000eae00000)
  to   space 512K, 0% used [0x00000000ead00000,0x00000000ead00000,0x00000000ead80000)
 ParOldGen       total 328192K, used 328028K [0x00000000c0000000, 0x00000000d4080000, 0x00000000eab00000)
  object space 328192K, 99% used [0x00000000c0000000,0x00000000d40573c8,0x00000000d4080000)
 Metaspace       used 66119K, committed 67712K, reserved 1114112K
  class space    used 6636K, committed 7296K, reserved 1048576K
}
Event: 57.742 GC heap before
{Heap before GC invocations=726 (full 3):
 PSYoungGen      total 2048K, used 1920K [0x00000000eab00000, 0x00000000eae00000, 0x0000000100000000)
  eden space 1536K, 100% used [0x00000000eab00000,0x00000000eac80000,0x00000000eac80000)
  from space 512K, 75% used [0x00000000ead80000,0x00000000eade0000,0x00000000eae00000)
  to   space 512K, 0% used [0x00000000ead00000,0x00000000ead00000,0x00000000ead80000)
 ParOldGen       total 328192K, used 328028K [0x00000000c0000000, 0x00000000d4080000, 0x00000000eab00000)
  object space 328192K, 99% used [0x00000000c0000000,0x00000000d40573c8,0x00000000d4080000)
 Metaspace       used 66126K, committed 67712K, reserved 1114112K
  class space    used 6636K, committed 7296K, reserved 1048576K
}
Event: 57.745 GC heap after
{Heap after GC invocations=726 (full 3):
 PSYoungGen      total 2048K, used 404K [0x00000000eab00000, 0x00000000eae00000, 0x0000000100000000)
  eden space 1536K, 0% used [0x00000000eab00000,0x00000000eab00000,0x00000000eac80000)
  from space 512K, 78% used [0x00000000ead00000,0x00000000ead65110,0x00000000ead80000)
  to   space 512K, 0% used [0x00000000ead80000,0x00000000ead80000,0x00000000eae00000)
 ParOldGen       total 328704K, used 328280K [0x00000000c0000000, 0x00000000d4100000, 0x00000000eab00000)
  object space 328704K, 99% used [0x00000000c0000000,0x00000000d4096060,0x00000000d4100000)
 Metaspace       used 66126K, committed 67712K, reserved 1114112K
  class space    used 6636K, committed 7296K, reserved 1048576K
}
Event: 57.882 GC heap before
{Heap before GC invocations=727 (full 3):
 PSYoungGen      total 2048K, used 1940K [0x00000000eab00000, 0x00000000eae00000, 0x0000000100000000)
  eden space 1536K, 99% used [0x00000000eab00000,0x00000000eac7fff0,0x00000000eac80000)
  from space 512K, 78% used [0x00000000ead00000,0x00000000ead65110,0x00000000ead80000)
  to   space 512K, 0% used [0x00000000ead80000,0x00000000ead80000,0x00000000eae00000)
 ParOldGen       total 328704K, used 328280K [0x00000000c0000000, 0x00000000d4100000, 0x00000000eab00000)
  object space 328704K, 99% used [0x00000000c0000000,0x00000000d4096060,0x00000000d4100000)
 Metaspace       used 66155K, committed 67712K, reserved 1114112K
  class space    used 6637K, committed 7296K, reserved 1048576K
}
Event: 57.891 GC heap after
{Heap after GC invocations=727 (full 3):
 PSYoungGen      total 2048K, used 494K [0x00000000eab00000, 0x00000000eae00000, 0x0000000100000000)
  eden space 1536K, 0% used [0x00000000eab00000,0x00000000eab00000,0x00000000eac80000)
  from space 512K, 96% used [0x00000000ead80000,0x00000000eadfb950,0x00000000eae00000)
  to   space 512K, 0% used [0x00000000ead00000,0x00000000ead00000,0x00000000ead80000)
 ParOldGen       total 328704K, used 328527K [0x00000000c0000000, 0x00000000d4100000, 0x00000000eab00000)
  object space 328704K, 99% used [0x00000000c0000000,0x00000000d40d3c90,0x00000000d4100000)
 Metaspace       used 66155K, committed 67712K, reserved 1114112K
  class space    used 6637K, committed 7296K, reserved 1048576K
}
Event: 57.961 GC heap before
{Heap before GC invocations=728 (full 3):
 PSYoungGen      total 2048K, used 2021K [0x00000000eab00000, 0x00000000eae00000, 0x0000000100000000)
  eden space 1536K, 99% used [0x00000000eab00000,0x00000000eac7dcf8,0x00000000eac80000)
  from space 512K, 96% used [0x00000000ead80000,0x00000000eadfb950,0x00000000eae00000)
  to   space 512K, 0% used [0x00000000ead00000,0x00000000ead00000,0x00000000ead80000)
 ParOldGen       total 328704K, used 328527K [0x00000000c0000000, 0x00000000d4100000, 0x00000000eab00000)
  object space 328704K, 99% used [0x00000000c0000000,0x00000000d40d3c90,0x00000000d4100000)
 Metaspace       used 66164K, committed 67712K, reserved 1114112K
  class space    used 6638K, committed 7296K, reserved 1048576K
}
Event: 57.963 GC heap after
{Heap after GC invocations=728 (full 3):
 PSYoungGen      total 2048K, used 416K [0x00000000eab00000, 0x00000000eae00000, 0x0000000100000000)
  eden space 1536K, 0% used [0x00000000eab00000,0x00000000eab00000,0x00000000eac80000)
  from space 512K, 81% used [0x00000000ead00000,0x00000000ead68000,0x00000000ead80000)
  to   space 512K, 0% used [0x00000000ead80000,0x00000000ead80000,0x00000000eae00000)
 ParOldGen       total 329216K, used 328865K [0x00000000c0000000, 0x00000000d4180000, 0x00000000eab00000)
  object space 329216K, 99% used [0x00000000c0000000,0x00000000d4128458,0x00000000d4180000)
 Metaspace       used 66164K, committed 67712K, reserved 1114112K
  class space    used 6638K, committed 7296K, reserved 1048576K
}
Event: 58.178 GC heap before
{Heap before GC invocations=729 (full 3):
 PSYoungGen      total 2048K, used 1952K [0x00000000eab00000, 0x00000000eae00000, 0x0000000100000000)
  eden space 1536K, 100% used [0x00000000eab00000,0x00000000eac80000,0x00000000eac80000)
  from space 512K, 81% used [0x00000000ead00000,0x00000000ead68000,0x00000000ead80000)
  to   space 512K, 0% used [0x00000000ead80000,0x00000000ead80000,0x00000000eae00000)
 ParOldGen       total 329216K, used 328865K [0x00000000c0000000, 0x00000000d4180000, 0x00000000eab00000)
  object space 329216K, 99% used [0x00000000c0000000,0x00000000d4128458,0x00000000d4180000)
 Metaspace       used 66327K, committed 67904K, reserved 1114112K
  class space    used 6649K, committed 7296K, reserved 1048576K
}
Event: 58.181 GC heap after
{Heap after GC invocations=729 (full 3):
 PSYoungGen      total 2048K, used 400K [0x00000000eab00000, 0x00000000eae00000, 0x0000000100000000)
  eden space 1536K, 0% used [0x00000000eab00000,0x00000000eab00000,0x00000000eac80000)
  from space 512K, 78% used [0x00000000ead80000,0x00000000eade4010,0x00000000eae00000)
  to   space 512K, 0% used [0x00000000ead00000,0x00000000ead00000,0x00000000ead80000)
 ParOldGen       total 329216K, used 329114K [0x00000000c0000000, 0x00000000d4180000, 0x00000000eab00000)
  object space 329216K, 99% used [0x00000000c0000000,0x00000000d41669c8,0x00000000d4180000)
 Metaspace       used 66327K, committed 67904K, reserved 1114112K
  class space    used 6649K, committed 7296K, reserved 1048576K
}
Event: 58.300 GC heap before
{Heap before GC invocations=730 (full 3):
 PSYoungGen      total 2048K, used 1933K [0x00000000eab00000, 0x00000000eae00000, 0x0000000100000000)
  eden space 1536K, 99% used [0x00000000eab00000,0x00000000eac7f770,0x00000000eac80000)
  from space 512K, 78% used [0x00000000ead80000,0x00000000eade4010,0x00000000eae00000)
  to   space 512K, 0% used [0x00000000ead00000,0x00000000ead00000,0x00000000ead80000)
 ParOldGen       total 329216K, used 329114K [0x00000000c0000000, 0x00000000d4180000, 0x00000000eab00000)
  object space 329216K, 99% used [0x00000000c0000000,0x00000000d41669c8,0x00000000d4180000)
 Metaspace       used 66487K, committed 68096K, reserved 1114112K
  class space    used 6667K, committed 7360K, reserved 1048576K
}
Event: 58.302 GC heap after
{Heap after GC invocations=730 (full 3):
 PSYoungGen      total 2048K, used 339K [0x00000000eab00000, 0x00000000eae00000, 0x0000000100000000)
  eden space 1536K, 0% used [0x00000000eab00000,0x00000000eab00000,0x00000000eac80000)
  from space 512K, 66% used [0x00000000ead00000,0x00000000ead54d08,0x00000000ead80000)
  to   space 512K, 0% used [0x00000000ead80000,0x00000000ead80000,0x00000000eae00000)
 ParOldGen       total 329728K, used 329319K [0x00000000c0000000, 0x00000000d4200000, 0x00000000eab00000)
  object space 329728K, 99% used [0x00000000c0000000,0x00000000d4199cd8,0x00000000d4200000)
 Metaspace       used 66487K, committed 68096K, reserved 1114112K
  class space    used 6667K, committed 7360K, reserved 1048576K
}

